<?xml version="1.0" encoding="UTF-8"?>
<!-- Generated by org.testng.reporters.JUnitReportReporter -->
<testsuite skipped="0" hostname="vivek-PC" name="Maven_Package.Maven_TestNG_class_project.Regression.RegistrationTest" tests="1" failures="0" timestamp="04 Oct 2017 12:26:35 GMT" time="5.376" errors="0">
  <testcase name="registrationmethod" time="5.376" classname="Maven_Package.Maven_TestNG_class_project.Regression.RegistrationTest"/>
</testsuite> <!-- Maven_Package.Maven_TestNG_class_project.Regression.RegistrationTest -->
